1
0
1
ASSEMBLY
1
PART-1-1
PART-1
1
PART-1-1
30
1 1
2 2
3 3
4 4
5 5
6 6
7 7
8 8
9 9
10 10
11 11
12 12
13 13
14 14
15 15
16 16
17 17
18 18
19 19
20 20
21 21
22 22
23 23
24 24
25 25
26 26
27 27
28 28
29 29
30 30
1 1
2 2
3 3
4 4
5 5
6 6
7 7
8 8
9 9
10 10
11 11
12 12
13 13
14 14
15 15
16 16
17 17
18 18
19 19
20 20
21 21
22 22
23 23
24 24
25 25
26 26
27 27
28 28
29 29
30 30
0
1
PART-1-1
8
1 1
2 2
3 3
4 4
5 5
6 6
7 7
8 8
1 1
2 2
3 3
4 4
5 5
6 6
7 7
8 8
0
1
_SURF-FAR_S3
0
2
0
1
PART-1-1
2
1 2 
0
1
PART-1-1
1
SET-BODY
0
1
8
1 2 3 4 5 6 7 8 
0
0
0
0
1
PART-1-1
1
SET-BODY
0
1
30
1 2 3 4 5 6 7 8 9 10 11 12 13 14 15 16 17 18 19 20 21 22 23 24 25 26 27 28 29 30 
0
0
0
0
1
SURF-FAR
0
0
0
1
PART-1-1
0
0
1
S3
2
1 2 
