Analysis initiated from SIMULIA established products
Abaqus JOB Job-1
Abaqus 3DEXPERIENCE R2017x
Abaqus License Manager checked out the following licenses:
Abaqus/Standard checked out 5 tokens from Flexnet server DESKTOP-0G62BBI.
<1019 out of 1024 licenses remain available>.
Begin Compiling Abaqus/Standard User Subroutines
2/4/2021 4:51:34 PM
Intel(R) Visual Fortran Intel(R) 64 Compiler for applications running on Intel(R) 64, Version 17.0.2.187 Build 20170213
Copyright (C) 1985-2017 Intel Corporation.  All rights reserved.

End Compiling Abaqus/Standard User Subroutines
Begin Linking Abaqus/Standard User Subroutines
   Creating library standardU.lib and object standardU.exp
libirc.lib(fast_mem_ops.obj) : warning LNK4210: .CRT section exists; there may be unhandled static initializers or terminators
End Linking Abaqus/Standard User Subroutines
2/4/2021 4:51:35 PM
Begin Analysis Input File Processor
2/4/2021 4:51:35 PM
Run pre.exe
2/4/2021 4:51:39 PM
Abaqus Error: Analysis Input File Processor exited with an error.
Begin MFS->SFS and SIM cleanup
2/4/2021 4:51:40 PM
Run SMASimUtility.exe
2/4/2021 4:51:40 PM
End MFS->SFS and SIM cleanup
Abaqus/Analysis exited with errors
